This file contains any messages produced by compilers while
running configure, to aid debugging if configure makes a mistake.

It was created by runSPR configure 1.0, which was
generated by GNU Autoconf 2.69.  Invocation command line was

  $ ./configure --no-create --no-recursion

## --------- ##
## Platform. ##
## --------- ##

hostname = Shibas-MacBook.local
uname -m = x86_64
uname -r = 17.7.0
uname -s = Darwin
uname -v = Darwin Kernel Version 17.7.0: Wed Oct 10 23:06:14 PDT 2018; root:xnu-4570.71.13~1/RELEASE_X86_64

/usr/bin/uname -p = i386
/bin/uname -X     = unknown

/bin/arch              = unknown
/usr/bin/arch -k       = unknown
/usr/convex/getsysinfo = unknown
/usr/bin/hostinfo      = Mach kernel version:
	 Darwin Kernel Version 17.7.0: Wed Oct 10 23:06:14 PDT 2018; root:xnu-4570.71.13~1/RELEASE_X86_64
Kernel configured for up to 4 processors.
2 processors are physically available.
4 processors are logically available.
Processor type: x86_64h (Intel x86-64h Haswell)
Processors active: 0 1 2 3
Primary memory available: 8.00 gigabytes
Default processor set: 316 tasks, 1721 threads, 4 processors
Load average: 3.29, Mach factor: 1.27
/bin/machine           = unknown
/usr/bin/oslevel       = unknown
/bin/universe          = unknown

PATH: /usr/local/opt/m4/bin
PATH: /Users/shibakazuo/.composer/vendor/bin
PATH: /opt/carch/bin
PATH: /usr/local/Cellar/dinghy/4.6.1
PATH: /usr/local/bin
PATH: /usr/bin
PATH: /bin
PATH: /usr/sbin
PATH: /sbin


## ----------- ##
## Core tests. ##
## ----------- ##

configure:1881: checking for a BSD-compatible install
configure:1949: result: /usr/bin/install -c
configure:1960: checking whether build environment is sane
configure:2015: result: yes
configure:2166: checking for a thread-safe mkdir -p
configure:2205: result: ./install-sh -c -d
configure:2212: checking for gawk
configure:2242: result: no
configure:2212: checking for mawk
configure:2242: result: no
configure:2212: checking for nawk
configure:2242: result: no
configure:2212: checking for awk
configure:2228: found /usr/bin/awk
configure:2239: result: awk
configure:2250: checking whether make sets $(MAKE)
configure:2272: result: yes
configure:2301: checking whether make supports nested variables
configure:2318: result: yes
configure:2507: checking for g++
configure:2523: found /usr/local/bin/g++
configure:2534: result: g++
configure:2561: checking for C++ compiler version
configure:2570: g++ --version >&5
g++ (Homebrew GCC 5.5.0) 5.5.0
Copyright (C) 2015 Free Software Foundation, Inc.
This is free software; see the source for copying conditions.  There is NO
warranty; not even for MERCHANTABILITY or FITNESS FOR A PARTICULAR PURPOSE.

configure:2581: $? = 0
configure:2570: g++ -v >&5
Using built-in specs.
COLLECT_GCC=g++
COLLECT_LTO_WRAPPER=/usr/local/Cellar/gcc@5/5.5.0/libexec/gcc/x86_64-apple-darwin16.7.0/5.5.0/lto-wrapper
Target: x86_64-apple-darwin16.7.0
Configured with: ../configure --build=x86_64-apple-darwin16.7.0 --prefix=/usr/local/Cellar/gcc@5/5.5.0 --libdir=/usr/local/Cellar/gcc@5/5.5.0/lib/gcc/5 --enable-languages=c,c++,objc,obj-c++,fortran --program-suffix=-5 --with-gmp=/usr/local/opt/gmp --with-mpfr=/usr/local/opt/mpfr --with-mpc=/usr/local/opt/libmpc --with-isl=/usr/local/opt/isl@0.14 --with-system-zlib --enable-libstdcxx-time=yes --enable-stage1-checking --enable-checking=release --enable-lto --enable-plugin --disable-werror --with-pkgversion='Homebrew GCC 5.5.0' --with-bugurl=https://github.com/Homebrew/homebrew-core/issues --disable-nls --enable-multilib
Thread model: posix
gcc version 5.5.0 (Homebrew GCC 5.5.0) 
configure:2581: $? = 0
configure:2570: g++ -V >&5
g++: error: unrecognized command line option '-V'
g++: fatal error: no input files
compilation terminated.
configure:2581: $? = 1
configure:2570: g++ -qversion >&5
g++: error: unrecognized command line option '-qversion'
g++: fatal error: no input files
compilation terminated.
configure:2581: $? = 1
configure:2601: checking whether the C++ compiler works
configure:2623: g++    conftest.cpp  >&5
configure:2627: $? = 0
configure:2675: result: yes
configure:2678: checking for C++ compiler default output file name
configure:2680: result: a.out
configure:2686: checking for suffix of executables
configure:2693: g++ -o conftest    conftest.cpp  >&5
configure:2697: $? = 0
configure:2719: result: 
configure:2741: checking whether we are cross compiling
configure:2749: g++ -o conftest    conftest.cpp  >&5
configure:2753: $? = 0
configure:2760: ./conftest
configure:2764: $? = 0
configure:2779: result: no
configure:2784: checking for suffix of object files
configure:2806: g++ -c   conftest.cpp >&5
configure:2810: $? = 0
configure:2831: result: o
configure:2835: checking whether we are using the GNU C++ compiler
configure:2854: g++ -c   conftest.cpp >&5
configure:2854: $? = 0
configure:2863: result: yes
configure:2872: checking whether g++ accepts -g
configure:2892: g++ -c -g  conftest.cpp >&5
configure:2892: $? = 0
configure:2933: result: yes
configure:2959: checking whether make supports the include directive
configure:2974: make -f confmf.GNU && cat confinc.out
this is the am__doit target
configure:2977: $? = 0
configure:2996: result: yes (GNU style)
configure:3021: checking dependency style of g++
configure:3132: result: gcc3
configure:3195: checking for gcc
configure:3211: found /usr/local/bin/gcc
configure:3222: result: gcc
configure:3451: checking for C compiler version
configure:3460: gcc --version >&5
gcc (Homebrew GCC 5.5.0) 5.5.0
Copyright (C) 2015 Free Software Foundation, Inc.
This is free software; see the source for copying conditions.  There is NO
warranty; not even for MERCHANTABILITY or FITNESS FOR A PARTICULAR PURPOSE.

configure:3471: $? = 0
configure:3460: gcc -v >&5
Using built-in specs.
COLLECT_GCC=gcc
COLLECT_LTO_WRAPPER=/usr/local/Cellar/gcc@5/5.5.0/libexec/gcc/x86_64-apple-darwin16.7.0/5.5.0/lto-wrapper
Target: x86_64-apple-darwin16.7.0
Configured with: ../configure --build=x86_64-apple-darwin16.7.0 --prefix=/usr/local/Cellar/gcc@5/5.5.0 --libdir=/usr/local/Cellar/gcc@5/5.5.0/lib/gcc/5 --enable-languages=c,c++,objc,obj-c++,fortran --program-suffix=-5 --with-gmp=/usr/local/opt/gmp --with-mpfr=/usr/local/opt/mpfr --with-mpc=/usr/local/opt/libmpc --with-isl=/usr/local/opt/isl@0.14 --with-system-zlib --enable-libstdcxx-time=yes --enable-stage1-checking --enable-checking=release --enable-lto --enable-plugin --disable-werror --with-pkgversion='Homebrew GCC 5.5.0' --with-bugurl=https://github.com/Homebrew/homebrew-core/issues --disable-nls --enable-multilib
Thread model: posix
gcc version 5.5.0 (Homebrew GCC 5.5.0) 
configure:3471: $? = 0
configure:3460: gcc -V >&5
gcc: error: unrecognized command line option '-V'
gcc: fatal error: no input files
compilation terminated.
configure:3471: $? = 1
configure:3460: gcc -qversion >&5
gcc: error: unrecognized command line option '-qversion'
gcc: fatal error: no input files
compilation terminated.
configure:3471: $? = 1
configure:3475: checking whether we are using the GNU C compiler
configure:3494: gcc -c   conftest.c >&5
configure:3494: $? = 0
configure:3503: result: yes
configure:3512: checking whether gcc accepts -g
configure:3532: gcc -c -g  conftest.c >&5
configure:3532: $? = 0
configure:3573: result: yes
configure:3590: checking for gcc option to accept ISO C89
configure:3653: gcc  -c -g -O2  conftest.c >&5
configure:3653: $? = 0
configure:3666: result: none needed
configure:3691: checking whether gcc understands -c and -o together
configure:3713: gcc -c conftest.c -o conftest2.o
configure:3716: $? = 0
configure:3713: gcc -c conftest.c -o conftest2.o
configure:3716: $? = 0
configure:3728: result: yes
configure:3747: checking dependency style of gcc
configure:3858: result: gcc3
configure:3993: checking that generated files are newer than configure
configure:3999: result: done
configure:4026: creating ./config.status

## ---------------- ##
## Cache variables. ##
## ---------------- ##

ac_cv_c_compiler_gnu=yes
ac_cv_cxx_compiler_gnu=yes
ac_cv_env_CCC_set=
ac_cv_env_CCC_value=
ac_cv_env_CC_set=
ac_cv_env_CC_value=
ac_cv_env_CFLAGS_set=
ac_cv_env_CFLAGS_value=
ac_cv_env_CPPFLAGS_set=
ac_cv_env_CPPFLAGS_value=
ac_cv_env_CXXFLAGS_set=
ac_cv_env_CXXFLAGS_value=
ac_cv_env_CXX_set=
ac_cv_env_CXX_value=
ac_cv_env_LDFLAGS_set=
ac_cv_env_LDFLAGS_value=
ac_cv_env_LIBS_set=
ac_cv_env_LIBS_value=
ac_cv_env_build_alias_set=
ac_cv_env_build_alias_value=
ac_cv_env_host_alias_set=
ac_cv_env_host_alias_value=
ac_cv_env_target_alias_set=
ac_cv_env_target_alias_value=
ac_cv_objext=o
ac_cv_path_install='/usr/bin/install -c'
ac_cv_prog_AWK=awk
ac_cv_prog_ac_ct_CC=gcc
ac_cv_prog_ac_ct_CXX=g++
ac_cv_prog_cc_c89=
ac_cv_prog_cc_g=yes
ac_cv_prog_cxx_g=yes
ac_cv_prog_make_make_set=yes
am_cv_CC_dependencies_compiler_type=gcc3
am_cv_CXX_dependencies_compiler_type=gcc3
am_cv_make_support_nested_variables=yes
am_cv_prog_cc_c_o=yes

## ----------------- ##
## Output variables. ##
## ----------------- ##

ACLOCAL='${SHELL} /Users/shibakazuo/spr-prot/missing aclocal-1.16'
AMDEPBACKSLASH='\'
AMDEP_FALSE='#'
AMDEP_TRUE=''
AMTAR='$${TAR-tar}'
AM_BACKSLASH='\'
AM_DEFAULT_V='$(AM_DEFAULT_VERBOSITY)'
AM_DEFAULT_VERBOSITY='1'
AM_V='$(V)'
AUTOCONF='${SHELL} /Users/shibakazuo/spr-prot/missing autoconf'
AUTOHEADER='${SHELL} /Users/shibakazuo/spr-prot/missing autoheader'
AUTOMAKE='${SHELL} /Users/shibakazuo/spr-prot/missing automake-1.16'
AWK='awk'
CC='gcc'
CCDEPMODE='depmode=gcc3'
CFLAGS='-g -O2'
CPPFLAGS=''
CXX='g++'
CXXDEPMODE='depmode=gcc3'
CXXFLAGS='-g -O2'
CYGPATH_W='echo'
DEFS='-DHAVE_CONFIG_H'
DEPDIR='.deps'
ECHO_C='\c'
ECHO_N=''
ECHO_T=''
EXEEXT=''
INSTALL_DATA='${INSTALL} -m 644'
INSTALL_PROGRAM='${INSTALL}'
INSTALL_SCRIPT='${INSTALL}'
INSTALL_STRIP_PROGRAM='$(install_sh) -c -s'
LDFLAGS=''
LIBOBJS=''
LIBS=''
LTLIBOBJS=''
MAKEINFO='${SHELL} /Users/shibakazuo/spr-prot/missing makeinfo'
MKDIR_P='./install-sh -c -d'
OBJEXT='o'
PACKAGE='runspr'
PACKAGE_BUGREPORT='shibakazuo113@gmail.com'
PACKAGE_NAME='runSPR'
PACKAGE_STRING='runSPR 1.0'
PACKAGE_TARNAME='runspr'
PACKAGE_URL=''
PACKAGE_VERSION='1.0'
PATH_SEPARATOR=':'
SET_MAKE=''
SHELL='/bin/sh'
STRIP=''
VERSION='1.0'
ac_ct_CC='gcc'
ac_ct_CXX='g++'
am__EXEEXT_FALSE=''
am__EXEEXT_TRUE='#'
am__fastdepCC_FALSE='#'
am__fastdepCC_TRUE=''
am__fastdepCXX_FALSE='#'
am__fastdepCXX_TRUE=''
am__include='include'
am__isrc=''
am__leading_dot='.'
am__nodep='_no'
am__quote=''
am__tar='$${TAR-tar} chof - "$$tardir"'
am__untar='$${TAR-tar} xf -'
bindir='${exec_prefix}/bin'
build_alias=''
datadir='${datarootdir}'
datarootdir='${prefix}/share'
docdir='${datarootdir}/doc/${PACKAGE_TARNAME}'
dvidir='${docdir}'
exec_prefix='${prefix}'
host_alias=''
htmldir='${docdir}'
includedir='${prefix}/include'
infodir='${datarootdir}/info'
install_sh='${SHELL} /Users/shibakazuo/spr-prot/install-sh'
libdir='${exec_prefix}/lib'
libexecdir='${exec_prefix}/libexec'
localedir='${datarootdir}/locale'
localstatedir='${prefix}/var'
mandir='${datarootdir}/man'
mkdir_p='$(MKDIR_P)'
oldincludedir='/usr/include'
pdfdir='${docdir}'
prefix='/usr/local'
program_transform_name='s,x,x,'
psdir='${docdir}'
sbindir='${exec_prefix}/sbin'
sharedstatedir='${prefix}/com'
sysconfdir='${prefix}/etc'
target_alias=''

## ----------- ##
## confdefs.h. ##
## ----------- ##

/* confdefs.h */
#define PACKAGE_NAME "runSPR"
#define PACKAGE_TARNAME "runspr"
#define PACKAGE_VERSION "1.0"
#define PACKAGE_STRING "runSPR 1.0"
#define PACKAGE_BUGREPORT "shibakazuo113@gmail.com"
#define PACKAGE_URL ""
#define PACKAGE "runspr"
#define VERSION "1.0"

configure: exit 0

## ---------------------- ##
## Running config.status. ##
## ---------------------- ##

This file was extended by runSPR config.status 1.0, which was
generated by GNU Autoconf 2.69.  Invocation command line was

  CONFIG_FILES    = 
  CONFIG_HEADERS  = 
  CONFIG_LINKS    = 
  CONFIG_COMMANDS = 
  $ ./config.status 

on Shibas-MacBook.local

config.status:846: creating Makefile
config.status:846: creating src/Makefile
config.status:846: creating config.h
config.status:1027: config.h is unchanged
config.status:1075: executing depfiles commands
config.status:1152: cd src       && sed -e '/# am--include-marker/d' Makefile         | make -f - am--depfiles
make[2]: Nothing to be done for `am--depfiles'.
config.status:1157: $? = 0

## ---------------------- ##
## Running config.status. ##
## ---------------------- ##

This file was extended by runSPR config.status 1.0, which was
generated by GNU Autoconf 2.69.  Invocation command line was

  CONFIG_FILES    = 
  CONFIG_HEADERS  = 
  CONFIG_LINKS    = 
  CONFIG_COMMANDS = 
  $ ./config.status src/Makefile depfiles

on Shibas-MacBook.local

config.status:846: creating src/Makefile
config.status:1075: executing depfiles commands
config.status:1152: cd src       && sed -e '/# am--include-marker/d' Makefile         | make -f - am--depfiles
make[1]: Nothing to be done for `am--depfiles'.
config.status:1157: $? = 0

## ---------------------- ##
## Running config.status. ##
## ---------------------- ##

This file was extended by runSPR config.status 1.0, which was
generated by GNU Autoconf 2.69.  Invocation command line was

  CONFIG_FILES    = 
  CONFIG_HEADERS  = 
  CONFIG_LINKS    = 
  CONFIG_COMMANDS = 
  $ ./config.status src/Makefile depfiles

on Shibas-MacBook.local

config.status:846: creating src/Makefile
config.status:1075: executing depfiles commands
config.status:1152: cd src       && sed -e '/# am--include-marker/d' Makefile         | make -f - am--depfiles
make[1]: Nothing to be done for `am--depfiles'.
config.status:1157: $? = 0

## ---------------------- ##
## Running config.status. ##
## ---------------------- ##

This file was extended by runSPR config.status 1.0, which was
generated by GNU Autoconf 2.69.  Invocation command line was

  CONFIG_FILES    = 
  CONFIG_HEADERS  = 
  CONFIG_LINKS    = 
  CONFIG_COMMANDS = 
  $ ./config.status src/Makefile depfiles

on Shibas-MacBook.local

config.status:846: creating src/Makefile
config.status:1075: executing depfiles commands
config.status:1152: cd src       && sed -e '/# am--include-marker/d' Makefile         | make -f - am--depfiles
make[1]: Nothing to be done for `am--depfiles'.
config.status:1157: $? = 0

## ---------------------- ##
## Running config.status. ##
## ---------------------- ##

This file was extended by runSPR config.status 1.0, which was
generated by GNU Autoconf 2.69.  Invocation command line was

  CONFIG_FILES    = 
  CONFIG_HEADERS  = 
  CONFIG_LINKS    = 
  CONFIG_COMMANDS = 
  $ ./config.status src/Makefile depfiles

on Shibas-MacBook.local

config.status:846: creating src/Makefile
config.status:1075: executing depfiles commands
config.status:1152: cd src       && sed -e '/# am--include-marker/d' Makefile         | make -f - am--depfiles
make[1]: Nothing to be done for `am--depfiles'.
config.status:1157: $? = 0

## ---------------------- ##
## Running config.status. ##
## ---------------------- ##

This file was extended by runSPR config.status 1.0, which was
generated by GNU Autoconf 2.69.  Invocation command line was

  CONFIG_FILES    = 
  CONFIG_HEADERS  = 
  CONFIG_LINKS    = 
  CONFIG_COMMANDS = 
  $ ./config.status src/Makefile depfiles

on Shibas-MacBook.local

config.status:846: creating src/Makefile
config.status:1075: executing depfiles commands
config.status:1152: cd src       && sed -e '/# am--include-marker/d' Makefile         | make -f - am--depfiles
make[1]: Nothing to be done for `am--depfiles'.
config.status:1157: $? = 0

## ---------------------- ##
## Running config.status. ##
## ---------------------- ##

This file was extended by runSPR config.status 1.0, which was
generated by GNU Autoconf 2.69.  Invocation command line was

  CONFIG_FILES    = 
  CONFIG_HEADERS  = 
  CONFIG_LINKS    = 
  CONFIG_COMMANDS = 
  $ ./config.status config.h

on Shibas-MacBook.local

config.status:846: creating config.h
config.status:1027: config.h is unchanged

## ---------------------- ##
## Running config.status. ##
## ---------------------- ##

This file was extended by runSPR config.status 1.0, which was
generated by GNU Autoconf 2.69.  Invocation command line was

  CONFIG_FILES    = 
  CONFIG_HEADERS  = 
  CONFIG_LINKS    = 
  CONFIG_COMMANDS = 
  $ ./config.status src/Makefile depfiles

on Shibas-MacBook.local

config.status:846: creating src/Makefile
config.status:1075: executing depfiles commands
config.status:1152: cd src       && sed -e '/# am--include-marker/d' Makefile         | make -f - am--depfiles
config.status:1157: $? = 0

## ---------------------- ##
## Running config.status. ##
## ---------------------- ##

This file was extended by runSPR config.status 1.0, which was
generated by GNU Autoconf 2.69.  Invocation command line was

  CONFIG_FILES    = 
  CONFIG_HEADERS  = 
  CONFIG_LINKS    = 
  CONFIG_COMMANDS = 
  $ ./config.status Makefile

on Shibas-MacBook.local

config.status:846: creating Makefile

## ---------------------- ##
## Running config.status. ##
## ---------------------- ##

This file was extended by runSPR config.status 1.0, which was
generated by GNU Autoconf 2.69.  Invocation command line was

  CONFIG_FILES    = 
  CONFIG_HEADERS  = 
  CONFIG_LINKS    = 
  CONFIG_COMMANDS = 
  $ ./config.status src/Makefile depfiles

on Shibas-MacBook.local

config.status:846: creating src/Makefile
config.status:1075: executing depfiles commands
config.status:1152: cd src       && sed -e '/# am--include-marker/d' Makefile         | make -f - am--depfiles
make[3]: Nothing to be done for `am--depfiles'.
config.status:1157: $? = 0

## ---------------------- ##
## Running config.status. ##
## ---------------------- ##

This file was extended by runSPR config.status 1.0, which was
generated by GNU Autoconf 2.69.  Invocation command line was

  CONFIG_FILES    = 
  CONFIG_HEADERS  = 
  CONFIG_LINKS    = 
  CONFIG_COMMANDS = 
  $ ./config.status src/Makefile depfiles

on Shibas-MacBook.local

config.status:846: creating src/Makefile
config.status:1075: executing depfiles commands
config.status:1152: cd src       && sed -e '/# am--include-marker/d' Makefile         | make -f - am--depfiles
config.status:1157: $? = 0

## ---------------------- ##
## Running config.status. ##
## ---------------------- ##

This file was extended by runSPR config.status 1.0, which was
generated by GNU Autoconf 2.69.  Invocation command line was

  CONFIG_FILES    = 
  CONFIG_HEADERS  = 
  CONFIG_LINKS    = 
  CONFIG_COMMANDS = 
  $ ./config.status src/Makefile depfiles

on Shibas-MacBook.local

config.status:846: creating src/Makefile
config.status:1075: executing depfiles commands
config.status:1152: cd src       && sed -e '/# am--include-marker/d' Makefile         | make -f - am--depfiles
make[3]: Nothing to be done for `am--depfiles'.
config.status:1157: $? = 0

## ---------------------- ##
## Running config.status. ##
## ---------------------- ##

This file was extended by runSPR config.status 1.0, which was
generated by GNU Autoconf 2.69.  Invocation command line was

  CONFIG_FILES    = 
  CONFIG_HEADERS  = 
  CONFIG_LINKS    = 
  CONFIG_COMMANDS = 
  $ ./config.status src/Makefile depfiles

on Shibas-MacBook.local

config.status:846: creating src/Makefile
config.status:1075: executing depfiles commands
config.status:1152: cd src       && sed -e '/# am--include-marker/d' Makefile         | make -f - am--depfiles
config.status:1157: $? = 0
